<?xml version="1.0" encoding="UTF-8"?>
<!-- Generated by org.testng.reporters.JUnitXMLReporter -->
<testsuite ignored="0" hostname="AIPL-PUN-LT166" failures="0" tests="3" name="Default test" time="3.007" errors="0" timestamp="2019-12-04T15:52:08 IST">
  <testcase classname="com.altimetrik.inventoryManagement.mainTestCases.GetBatteryDetails" name="getBatteryDetailsByInvalidId" time="1.297"/>
  <testcase classname="com.altimetrik.inventoryManagement.mainTestCases.GetBatteryDetails" name="getBatteryDetailsBySpecialChar" time="0.54"/>
  <testcase classname="com.altimetrik.inventoryManagement.mainTestCases.GetBatteryDetails" name="getBatteryDetailsByValidId" time="0.805"/>
</testsuite> <!-- Default test -->
