<?xml version="1.0" encoding="UTF-8"?>
<!-- Generated by org.testng.reporters.JUnitXMLReporter -->
<testsuite ignored="0" hostname="AIPL-PUN-LT166" failures="1" tests="1" name="Default test" time="3.262" errors="0" timestamp="2019-12-10T18:20:44 IST">
  <testcase classname="com.altimetrik.inventoryManagement.mainTestCases.InsertBattery" name="postInsertBattery" time="2.854">
    <failure type="java.lang.AssertionError" message="1 expectation failed.
XML path betteryModel doesn&amp;apos;t match.
Expected: amaron
  Actual: var _ezaq = {&amp;quot;ad_cache_level&amp;quot;:0,&amp;quot;ad_location_ids&amp;quot;:&amp;quot;&amp;quot;,&amp;quot;ad_transform_level&amp;quot;:0,&amp;quot;adx_ad_count&amp;quot;:0,&amp;quot;bidder_version&amp;quot;:3,&amp;quot;city&amp;quot;:&amp;quot;Mumbai&amp;quot;,&amp;quot;country&amp;quot;:&amp;quot;IN&amp;quot;,&amp;quot;days_since_last_visit&amp;quot;:-1,&amp;quot;display_ad_count&amp;quot;:0,&amp;quot;domain_id&amp;quot;:133674,&amp;quot;ds_adsize_opt_id&amp;quot;:-1,&amp;quot;engaged_time_visit&amp;quot;:0,&amp;quot;ezcache_level&amp;quot;:1,&amp;quot;forensiq_score&amp;quot;:-1,&amp;quot;form_factor_id&amp;quot;:1,&amp;quot;framework_id&amp;quot;:1,&amp;quot;has_bad_image&amp;quot;:0,&amp;quot;has_bad_words&amp;quot;:0,&amp;quot;iab_category&amp;quot;:&amp;quot;&amp;quot;,&amp;quot;is_from_recommended_pages&amp;quot;:false,&amp;quot;is_return_visitor&amp;quot;:false,&amp;quot;is_sitespeed&amp;quot;:0,&amp;quot;last_page_load&amp;quot;:&amp;quot;&amp;quot;,&amp;quot;last_pageview_id&amp;quot;:&amp;quot;&amp;quot;,&amp;quot;lt_cache_level&amp;quot;:0,&amp;quot;max_ads&amp;quot;:0,&amp;quot;metro_code&amp;quot;:0,&amp;quot;page_ad_positions&amp;quot;:&amp;quot;&amp;quot;,&amp;quot;page_view_count&amp;quot;:0,&amp;quot;page_view_id&amp;quot;:&amp;quot;29c2598f-6f2e-48d6-6eec-b02a92bfb868&amp;quot;,&amp;quot;position_selection_id&amp;quot;:0,&amp;quot;postal_code&amp;quot;:&amp;quot;400070&amp;quot;,&amp;quot;pv_event_count&amp;quot;:0,&amp;quot;response_time_orig&amp;quot;:797,&amp;quot;serverid&amp;quot;:&amp;quot;13.127.196.192:6262&amp;quot;,&amp;quot;state&amp;quot;:&amp;quot;MH&amp;quot;,&amp;quot;sub_page_ad_positions&amp;quot;:&amp;quot;&amp;quot;,&amp;quot;t_epoch&amp;quot;:1575982242,&amp;quot;template_id&amp;quot;:0,&amp;quot;time_on_site_visit&amp;quot;:0,&amp;quot;url&amp;quot;:&amp;quot;http://dummy.restapiexample.com/api/v1/battery&amp;quot;,&amp;quot;user_id&amp;quot;:0,&amp;quot;word_count&amp;quot;:0,&amp;quot;worst_bad_word_level&amp;quot;:0};var _ezim_d = null;var _ezat = {&amp;quot;domain_id&amp;quot;:133674,&amp;quot;form_factor_id&amp;quot;:1,&amp;quot;framework_id&amp;quot;:1,&amp;quot;pageview_date&amp;quot;:&amp;quot;2019-12-10&amp;quot;,&amp;quot;pageview_id&amp;quot;:&amp;quot;29c2598f-6f2e-48d6-6eec-b02a92bfb868&amp;quot;,&amp;quot;template_id&amp;quot;:0,&amp;quot;url&amp;quot;:&amp;quot;http://dummy.restapiexample.com/api/v1/battery&amp;quot;,&amp;quot;visit_uuid&amp;quot;:&amp;quot;35ddf9d2-8573-49fc-7de6-fdfd14af5ad7&amp;quot;};__ez.queue.addFile(&amp;apos;banger.js&amp;apos;, &amp;apos;/porpoiseant/banger.js?cb=188-3&amp;amp;bv=81&amp;amp;v=30&amp;amp;PageSpeed=off&amp;apos;, true, [], true, false, false, true);var __ez=__ez||{};__ez.stms=Date.now();__ez.evt={};__ez.script={};__ez.ck={};__ez.template={};__ez.template.isOrig=false;__ez.evt.add=function(e,t,n){e.addEventListener?e.addEventListener(t,n,!1):e.attachEvent?e.attachEvent(&amp;quot;on&amp;quot;+t,n):e[&amp;quot;on&amp;quot;+t]=n()},__ez.evt.remove=function(e,t,n){e.removeEventListener?e.removeEventListener(t,n,!1):e.detachEvent?e.detachEvent(&amp;quot;on&amp;quot;+t,n):delete e[&amp;quot;on&amp;quot;+t]};__ez.ck.get=function(e,n){null!==n&amp;amp;&amp;amp;(e=e+&amp;quot;_&amp;quot;+n);for(var o=e+&amp;quot;=&amp;quot;,t=decodeURIComponent(document.cookie).split(&amp;quot;;&amp;quot;),i=0;i&amp;lt;t.length;i++){for(var c=t[i];&amp;quot; &amp;quot;===c.charAt(0);)c=c.substring(1);if(0===c.indexOf(o))return c.substring(o.length,c.length)}return&amp;quot;&amp;quot;},__ez.ck.setByCat=function(e,n){if(-1===e.indexOf(&amp;quot;path=&amp;quot;)&amp;amp;&amp;amp;(e+=&amp;quot;; path=/&amp;quot;),&amp;quot;undefined&amp;quot;!=typeof cmpIsOn){if(null!=n){var o=__ez.ck.get(&amp;quot;ezCMPCookieConsent&amp;quot;,null);-1!==(o=o.substring(1,o.length)).indexOf(n+&amp;quot;=1&amp;quot;)?document.cookie=e:&amp;quot;&amp;quot;===o&amp;amp;&amp;amp;&amp;quot;undefined&amp;quot;!=typeof cmpCookies&amp;amp;&amp;amp;(void 0===cmpCookies[n]&amp;amp;&amp;amp;(cmpCookies[n]=[]),cmpCookies[n].push(e))}}else document.cookie=e};__ez.queue=function(){var e=0,i=0,n=[],t=!1,r=[],o=[],s=!0,a={func:function(e,i,t,r,o,s,a){var l=this;this.name=e,this.funcName=i,this.parameters=null===t?null:t instanceof Array?t:[t],this.isBlock=r,this.blockedBy=o,this.deleteWhenComplete=s,this.isError=!1,this.isComplete=!1,this.isInitialized=!1,this.proceedIfError=a,this.isTimeDelay=!1,this.process=function(){d(&amp;quot;... func = &amp;quot;+e),l.isInitialized=!0,l.isComplete=!0,d(&amp;quot;... func.apply: &amp;quot;+e);var i=l.funcName.split(&amp;quot;.&amp;quot;),t=null;i.length&amp;gt;3||(t=3===i.length?window[i[0]][i[1]][i[2]]:2===i.length?window[i[0]][i[1]]:window[l.funcName]),null!=t&amp;amp;&amp;amp;t.apply(null,this.parameters),!0===l.deleteWhenComplete&amp;amp;&amp;amp;delete n[e],!0===l.isBlock&amp;amp;&amp;amp;(d(&amp;quot;----- F&amp;apos;D: &amp;quot;+l.name),f())}},file:function(e,i,n,t,r,o,s){var a=this;this.name=e,this.path=i,this.async=r,this.defer=o,this.isBlock=n,this.blockedBy=t,this.isInitialized=!1,this.isError=!1,this.isComplete=!1,this.proceedIfError=s,this.isTimeDelay=!1,this.process=function(){a.isInitialized=!0,d(&amp;quot;... file = &amp;quot;+e);var n=document.createElement(&amp;quot;script&amp;quot;);n.src=i,!0===r?n.async=!0:!0===o&amp;amp;&amp;amp;(n.defer=!0),n.onerror=function(){d(&amp;quot;----- ERR&amp;apos;D: &amp;quot;+a.name),a.isError=!0,!0===a.isBlock&amp;amp;&amp;amp;f()},n.onreadystatechange=n.onload=function(){var e=n.readyState;d(&amp;quot;----- F&amp;apos;D: &amp;quot;+a.name),e&amp;amp;&amp;amp;!/loaded|complete/.test(e)||(a.isComplete=!0,!0===a.isBlock&amp;amp;&amp;amp;f())},document.getElementsByTagName(&amp;quot;head&amp;quot;)[0].appendChild(n)}}};function l(e){!0!==c(e)&amp;amp;&amp;amp;0!=s&amp;amp;&amp;amp;e.process()}function c(e){if(!0===e.isTimeDelay&amp;amp;&amp;amp;!1===t)return d(e.name+&amp;quot; blocked = TIME DELAY!&amp;quot;),!0;if(e.blockedBy instanceof Array)for(var i=0;i&amp;lt;e.blockedBy.length;i++){var r=e.blockedBy[i];if(!1===n.hasOwnProperty(r))return d(e.name+&amp;quot; blocked = &amp;quot;+r),!0;if(!0===e.proceedIfError&amp;amp;&amp;amp;!0===n[r].isError)return!1;if(!1===n[r].isComplete)return d(e.name+&amp;quot; blocked = &amp;quot;+r),!0}return!1}function d(e){var i=window.location.href,n=new RegExp(&amp;quot;[?&amp;amp;]ezq=([^&amp;amp;#]*)&amp;quot;,&amp;quot;i&amp;quot;).exec(i);&amp;quot;1&amp;quot;===(n?n[1]:null)&amp;amp;&amp;amp;console.debug(e)}function f(){++e&amp;gt;200||(d(&amp;quot;let&amp;apos;s go&amp;quot;),u(r),u(o))}function u(e){for(var i in e)if(!1!==e.hasOwnProperty(i)){var n=e[i];!0===n.isComplete||c(n)||!0===n.isInitialized||!0===n.isError?!0===n.isError?d(n.name+&amp;quot;: error&amp;quot;):!0===n.isComplete?d(n.name+&amp;quot;: complete already&amp;quot;):!0===n.isInitialized&amp;amp;&amp;amp;d(n.name+&amp;quot;: initialized already&amp;quot;):n.process()}}return window.addEventListener(&amp;quot;load&amp;quot;,function(){setTimeout(function(){t=!0,d(&amp;quot;TDELAY -----&amp;quot;),f()},5e3)},!1),{addFile:function(e,i,t,s,c,d,f,u){var h=new a.file(e,i,t,s,c,d,f);!0===u?r[e]=h:o[e]=h,n[e]=h,l(h)},addDelayFile:function(e,i){var t=new a.file(e,i,!1,[],!1,!1,!0);t.isTimeDelay=!0,d(e+&amp;quot; ...  FILE! TDELAY&amp;quot;),o[e]=t,n[e]=t,l(t)},addFunc:function(e,t,s,c,d,f,u,h,m){!0===f&amp;amp;&amp;amp;(e=e+&amp;quot;_&amp;quot;+i++);var p=new a.func(e,t,s,c,d,u,h);!0===m?r[e]=p:o[e]=p,n[e]=p,l(p)},addDelayFunc:function(e,i,t){var r=new a.func(e,i,t,!1,[],!0,!0);r.isTimeDelay=!0,d(e+&amp;quot; ...  FUNCTION! TDELAY&amp;quot;),o[e]=r,n[e]=r,l(r)},items:n,processAll:f,setallowLoad:function(e){s=e}}}();__ez.script.add=function(e){var t=document.createElement(&amp;quot;script&amp;quot;);t.src=e,t.async=!0,t.type=&amp;quot;text/javascript&amp;quot;,document.getElementsByTagName(&amp;quot;head&amp;quot;)[0].appendChild(t)};__ez.dot={};var __ezDotData=function(e,t){&amp;quot;string&amp;quot;!=typeof e&amp;amp;&amp;amp;2==e.length&amp;amp;&amp;amp;(t=e[1],e=e[0]),this.name=e,this.val=t};__ez.dot.b64={_keyStr:&amp;quot;ABCDEFGHIJKLMNOPQRSTUVWXYZabcdefghijklmnopqrstuvwxyz0123456789+/=&amp;quot;,encode:function(e){var t,r,n,o,i,d,a,_=&amp;quot;&amp;quot;,f=0;for(e=Base64._utf8_encode(e);f&amp;lt;e.length;)o=(t=e.charCodeAt(f++))&amp;gt;&amp;gt;2,i=(3&amp;amp;t)&amp;lt;&amp;lt;4|(r=e.charCodeAt(f++))&amp;gt;&amp;gt;4,d=(15&amp;amp;r)&amp;lt;&amp;lt;2|(n=e.charCodeAt(f++))&amp;gt;&amp;gt;6,a=63&amp;amp;n,isNaN(r)?d=a=64:isNaN(n)&amp;amp;&amp;amp;(a=64),_=_+this._keyStr.charAt(o)+this._keyStr.charAt(i)+this._keyStr.charAt(d)+this._keyStr.charAt(a);return _},decode:function(e){var t,r,n,o,i,d,a=&amp;quot;&amp;quot;,_=0;for(e=e.replace(/[^A-Za-z0-9+/=]/g,&amp;quot;&amp;quot;);_&amp;lt;e.length;)t=this._keyStr.indexOf(e.charAt(_++))&amp;lt;&amp;lt;2|(o=this._keyStr.indexOf(e.charAt(_++)))&amp;gt;&amp;gt;4,r=(15&amp;amp;o)&amp;lt;&amp;lt;4|(i=this._keyStr.indexOf(e.charAt(_++)))&amp;gt;&amp;gt;2,n=(3&amp;amp;i)&amp;lt;&amp;lt;6|(d=this._keyStr.indexOf(e.charAt(_++))),a+=String.fromCharCode(t),64!=i&amp;amp;&amp;amp;(a+=String.fromCharCode(r)),64!=d&amp;amp;&amp;amp;(a+=String.fromCharCode(n));return a=Base64._utf8_decode(a)},_utf8_encode:function(e){e=e.replace(/rn/g,&amp;quot;n&amp;quot;);for(var t=&amp;quot;&amp;quot;,r=0;r&amp;lt;e.length;r++){var n=e.charCodeAt(r);n&amp;lt;128?t+=String.fromCharCode(n):(127&amp;lt;n&amp;amp;&amp;amp;n&amp;lt;2048?t+=String.fromCharCode(n&amp;gt;&amp;gt;6|192):(t+=String.fromCharCode(n&amp;gt;&amp;gt;12|224),t+=String.fromCharCode(n&amp;gt;&amp;gt;6&amp;amp;63|128)),t+=String.fromCharCode(63&amp;amp;n|128))}return t},_utf8_decode:function(e){for(var t=&amp;quot;&amp;quot;,r=0,n=c1=c2=0;r&amp;lt;e.length;)(n=e.charCodeAt(r))&amp;lt;128?(t+=String.fromCharCode(n),r++):191&amp;lt;n&amp;amp;&amp;amp;n&amp;lt;224?(c2=e.charCodeAt(r+1),t+=String.fromCharCode((31&amp;amp;n)&amp;lt;&amp;lt;6|63&amp;amp;c2),r+=2):(c2=e.charCodeAt(r+1),c3=e.charCodeAt(r+2),t+=String.fromCharCode((15&amp;amp;n)&amp;lt;&amp;lt;12|(63&amp;amp;c2)&amp;lt;&amp;lt;6|63&amp;amp;c3),r+=3);return t}},__ez.dot.dataToStr=function(e){if(void 0===e)return[];try{for(var t in e)e[t].val=e[t].val+&amp;quot;&amp;quot;}catch(e){}return e},__ez.dot.getCC=function(){var e=&amp;quot;XX&amp;quot;;return&amp;quot;undefined&amp;quot;!=typeof _ezaq&amp;amp;&amp;amp;_ezaq.hasOwnProperty(&amp;quot;country&amp;quot;)&amp;amp;&amp;amp;(e=_ezaq.country),e},__ez.dot.getDID=function(){var e=&amp;quot;0&amp;quot;;return&amp;quot;undefined&amp;quot;!=typeof _ezaq&amp;amp;&amp;amp;_ezaq.hasOwnProperty(&amp;quot;domain_id&amp;quot;)&amp;amp;&amp;amp;(e=_ezaq.domain_id.toString()),e},__ez.dot.getEpoch=function(e){return&amp;quot;undefined&amp;quot;!=typeof _ezaq&amp;amp;&amp;amp;_ezaq.hasOwnProperty(&amp;quot;t_epoch&amp;quot;)&amp;amp;&amp;amp;(e=_ezaq.t_epoch),e},__ez.dot.getPageviewId=function(){var e=&amp;quot;&amp;quot;;return&amp;quot;undefined&amp;quot;!=typeof _ezaq&amp;amp;&amp;amp;_ezaq.hasOwnProperty(&amp;quot;page_view_id&amp;quot;)&amp;amp;&amp;amp;(e=_ezaq.page_view_id),e},__ez.dot.getURL=function(e){return(&amp;quot;undefined&amp;quot;!=typeof ezJsu&amp;amp;&amp;amp;1==ezJsu||&amp;quot;undefined&amp;quot;!=typeof _ez_sa&amp;amp;&amp;amp;1==_ez_sa||&amp;quot;undefined&amp;quot;!=typeof isAmp&amp;amp;&amp;amp;!0===isAmp||&amp;quot;undefined&amp;quot;!=typeof ezWp&amp;amp;&amp;amp;!0===ezWp)&amp;amp;&amp;amp;(e=&amp;quot;//g.ezoic.net&amp;quot;+e),e},__ez.dot.isValid=function(e){for(var t=0;t&amp;lt;e.length;t++)if(e[t]instanceof __ezDotData==!1)return console.error(&amp;quot;Invalid data. &amp;quot;,e[t]),!1;return!0},__ez.dot.isDefined=function(){for(var e=0;e&amp;lt;arguments.length;e++)if(null==arguments[e])return console.error(&amp;quot;Argument not defined. &amp;quot;,arguments),!1;return!0},__ez.dot.isAnyDefined=function(){for(var e=!1,t=0;t&amp;lt;arguments.length;t++)null!=arguments[t]&amp;amp;&amp;amp;(e=!0);return 0==e&amp;amp;&amp;amp;console.error(&amp;quot;isAnyDefined Arguments not defined. &amp;quot;,arguments),e},__ez.dot.getSlotIID=function(e){var t=&amp;quot;0&amp;quot;;try{var r=__ez.dot.getTargetingMap(e);if(-1===__ez.dot.getElementId(e).indexOf(&amp;quot;div-gpt-ad&amp;quot;))return t;if(void 0!==r)for(var n in r)if(-1!==n.indexOf(&amp;quot;iid&amp;quot;)&amp;amp;&amp;amp;void 0!==r[n][0]){t=r[n][0];break}}catch(e){}return t},__ez.dot.getElementId=function(e){return void 0!==e.ElementId?e.ElementId:e.getSlotElementId()},__ez.dot.getAdUnitPath=function(e){return void 0!==e.AdUnitPath?e.AdUnitPath:e.getAdUnitPath()},__ez.dot.getSizes=function(e){return void 0!==e.Sizes?e.Sizes:e.getSizes()},__ez.dot.getTargeting=function(e,t){return void 0!==e.Targeting?e.Targeting[t]:e.getTargeting(t)[0]},__ez.dot.getTargetingMap=function(e){return void 0!==e.Targeting?e.Targeting:e.getTargetingMap()},__ez.dot.getAdUnit=function(e){return!0===__ez.template.isOrig?__ez.dot.getAdUnitPath(e).split(&amp;quot;/&amp;quot;).pop()+&amp;quot;|~ez~|&amp;quot;+__ez.dot.getElementId(e):__ez.dot.getElementId(e)};__ez.bit=function(){function c(a,b){d(a,b),e()}function d(b,c){__ez.dot.isDefined(b)&amp;amp;&amp;amp;__ez.dot.isValid(c)&amp;amp;&amp;amp;a.push({type:&amp;quot;pageview&amp;quot;,pageview_id:b,domain_id:__ez.dot.getDID(),t_epoch:__ez.dot.getEpoch(0),data:__ez.dot.dataToStr(c)})}function e(){void 0!==document.visibilityState&amp;amp;&amp;amp;&amp;quot;prerender&amp;quot;===document.visibilityState||(__ez.dot.isDefined(a)&amp;amp;&amp;amp;a.length&amp;gt;0&amp;amp;&amp;amp;((new Image).src=__ez.dot.getURL(b)+&amp;quot;?orig=&amp;quot;+(!0===__ez.template.isOrig?1:0)+&amp;quot;&amp;amp;ds=&amp;quot;+btoa(JSON.stringify(a))),a=[])}var a=[],b=&amp;quot;/detroitchicago/greenoaks.gif&amp;quot;;return{Add:d,AddAndFire:c,Fire:e}}();__ez.pel=function(){var u=[],i=&amp;quot;/porpoiseant/army.gif&amp;quot;;function t(e,i,t,_,d,o,n){if(__ez.dot.isDefined(e)&amp;amp;&amp;amp;0!=__ez.dot.isAnyDefined(e.getSlotElementId,e.ElementId)){var r=parseInt(__ez.dot.getTargeting(e,&amp;quot;ap&amp;quot;)),a=__ez.dot.getSlotIID(e),s=__ez.dot.getAdUnit(e),p=parseInt(__ez.dot.getTargeting(e,&amp;quot;compid&amp;quot;)),z=0,f=0,g=function(e){if(&amp;quot;undefined&amp;quot;==typeof _ezim_d)return!1;var i=__ez.dot.getAdUnitPath(e).split(&amp;quot;/&amp;quot;).pop();if(&amp;quot;object&amp;quot;==typeof _ezim_d&amp;amp;&amp;amp;_ezim_d.hasOwnProperty(i))return _ezim_d[i];for(var t in _ezim_d)if(t.split(&amp;quot;/&amp;quot;).pop()===i)return _ezim_d[t];return!1}(e);&amp;quot;object&amp;quot;==typeof g&amp;amp;&amp;amp;(void 0!==g.creative_id&amp;amp;&amp;amp;(f=g.creative_id),void 0!==g.line_item_id&amp;amp;&amp;amp;(z=g.line_item_id)),__ez.dot.isDefined(a,s)&amp;amp;&amp;amp;__ez.dot.isValid(i)&amp;amp;&amp;amp;u.push({type:&amp;quot;impression&amp;quot;,impression_id:a,domain_id:__ez.dot.getDID(),unit:s,t_epoch:__ez.dot.getEpoch(0),revenue:t,est_revenue:_,ad_position:r,ad_size:&amp;quot;&amp;quot;,bid_floor_filled:d,bid_floor_prev:o,stat_source_id:n,country_code:__ez.dot.getCC(),pageview_id:__ez.dot.getPageviewId(),comp_id:p,line_item_id:z,creative_id:f,data:__ez.dot.dataToStr(i)})}}function _(){if(void 0===document.visibilityState||&amp;quot;prerender&amp;quot;!==document.visibilityState){if(__ez.dot.isDefined(u)&amp;amp;&amp;amp;0&amp;lt;u.length){var e=__ez.dot.getURL(i)+&amp;quot;?orig=&amp;quot;+(!0===__ez.template.isOrig?1:0)+&amp;quot;&amp;amp;sts=&amp;quot;+btoa(JSON.stringify(u));void 0!==window.isAmp&amp;amp;&amp;amp;isAmp&amp;amp;&amp;amp;void 0!==window._ezaq&amp;amp;&amp;amp;_ezaq.hasOwnProperty(&amp;quot;domain_id&amp;quot;)&amp;amp;&amp;amp;(e+=&amp;quot;&amp;amp;visit_uuid=&amp;quot;+_ezaq.visit_uuid),(new Image).src=e}u=[]}}return{Add:t,AddAndFire:function(e,i){t(e,i,0,0,0,0,0),_()},AddById:function(e,i){var t=e.split(&amp;quot;/&amp;quot;);if(__ez.dot.isDefined(e)&amp;amp;&amp;amp;3===t.length&amp;amp;&amp;amp;__ez.dot.isValid(i)){var _=t[0],d=t[2];u.push({type:&amp;quot;impression&amp;quot;,impression_id:d,domain_id:__ez.dot.getDID(),unit:_,t_epoch:__ez.dot.getEpoch(0),pageview_id:__ez.dot.getPageviewId(),data:__ez.dot.dataToStr(i)})}},Fire:_,GetPixels:function(){return u}}}();var EzoicPixel=function(){this.pixels=[],this.pixelUrl=&amp;quot;/ezoic/e.gif&amp;quot;,(&amp;quot;undefined&amp;quot;!=typeof ezJsu&amp;amp;&amp;amp;!0===ezJsu||&amp;quot;undefined&amp;quot;!=typeof _ez_sa&amp;amp;&amp;amp;!0===_ez_sa||void 0!==window.isAmp&amp;amp;&amp;amp;!0===isAmp||&amp;quot;undefined&amp;quot;!=typeof ezWp&amp;amp;&amp;amp;!0===ezWp)&amp;amp;&amp;amp;(this.pixelUrl=&amp;quot;//g.ezoic.net&amp;quot;+this.pixelUrl),this.tEpoch=0,&amp;quot;undefined&amp;quot;!=typeof _ezaq&amp;amp;&amp;amp;_ezaq.hasOwnProperty(&amp;quot;t_epoch&amp;quot;)&amp;amp;&amp;amp;(this.tEpoch=_ezaq.t_epoch)},EzoicPixelData=function(e,i){this.name=e,this.val=i};EzoicPixel.prototype={constructor:EzoicPixel,AddAndFireImpPixel:function(e,i){this.AddImpPixel(e,i,0,0,0,0,0),this.FirePixels()},AddAndFirePVPixel:function(e,i){this.AddPVPixel(e,i),this.FirePixels()},AddImpPixel:function(e,i,t,n,o,a,d){if(0!=__ez.dot.isDefined(e)&amp;amp;&amp;amp;0!=__ez.dot.isAnyDefined(e.getSlotElementId,e.ElementId)){var s=parseInt(__ez.dot.getTargeting(e,&amp;quot;ap&amp;quot;)),r=__ez.dot.getSizes(e)[0],_=r.l.toString()+&amp;quot;x&amp;quot;+r.j.toString(),p=&amp;quot;0&amp;quot;,l=&amp;quot;XX&amp;quot;;&amp;quot;undefined&amp;quot;!=typeof _ezaq&amp;amp;&amp;amp;_ezaq.hasOwnProperty(&amp;quot;domain_id&amp;quot;)&amp;amp;&amp;amp;(p=_ezaq.domain_id.toString()),&amp;quot;undefined&amp;quot;!=typeof _ezaq&amp;amp;&amp;amp;_ezaq.hasOwnProperty(&amp;quot;country&amp;quot;)&amp;amp;&amp;amp;(l=_ezaq.country);var h=__ez.dot.getSlotIID(e),c=__ez.dot.getSlotElementId(e);__ez.dot.isDefined(h,c)&amp;amp;&amp;amp;this.validateData(i)&amp;amp;&amp;amp;(i=this.convertDataToStr(i),this.pixels.push({type:&amp;quot;impression&amp;quot;,impression_id:h,domain_id:p,unit:c,t_epoch:this.tEpoch,revenue:t,est_revenue:n,ad_position:s,ad_size:_,bid_floor_filled:o,bid_floor_prev:a,stat_source_id:d,country_code:l,data:i}))}},AddImpPixelById:function(e,i){var t=&amp;quot;0&amp;quot;;&amp;quot;undefined&amp;quot;!=typeof _ezaq&amp;amp;&amp;amp;_ezaq.hasOwnProperty(&amp;quot;domain_id&amp;quot;)&amp;amp;&amp;amp;(t=_ezaq.domain_id.toString());var n=e.split(&amp;quot;/&amp;quot;);if(__ez.dot.isDefined(e)&amp;amp;&amp;amp;3===n.length&amp;amp;&amp;amp;this.validateData(i)){var o=n[0],a=n[2];i=this.convertDataToStr(i),this.pixels.push({type:&amp;quot;impression&amp;quot;,impression_id:a,domain_id:t,unit:o,t_epoch:this.tEpoch,data:i})}},AddPVPixel:function(e,i){var t=&amp;quot;0&amp;quot;;&amp;quot;undefined&amp;quot;!=typeof _ezaq&amp;amp;&amp;amp;_ezaq.hasOwnProperty(&amp;quot;domain_id&amp;quot;)&amp;amp;&amp;amp;(t=_ezaq.domain_id.toString()),__ez.dot.isDefined(e)&amp;amp;&amp;amp;this.validateData(i)&amp;amp;&amp;amp;(i=this.convertDataToStr(i),this.pixels.push({type:&amp;quot;pageview&amp;quot;,pageview_id:e,domain_id:t,t_epoch:this.tEpoch,data:i}))},FirePixels:function(){void 0!==document.visibilityState&amp;amp;&amp;amp;&amp;quot;prerender&amp;quot;===document.visibilityState||(__ez.dot.isDefined(this.pixels)&amp;amp;&amp;amp;0&amp;lt;this.pixels.length&amp;amp;&amp;amp;((new Image).src=this.pixelUrl+&amp;quot;?orig=&amp;quot;+(!0===__ez.template.isOrig?1:0)+&amp;quot;&amp;amp;pixels=&amp;quot;+encodeURIComponent(JSON.stringify(this.pixels))),this.pixels=[])},NewData:function(e,i){return new EzoicPixelData(e,i)},convertDataToStr:function(e){if(void 0===e)return[];try{for(var i in e)e[i].val=e[i].val+&amp;quot;&amp;quot;}catch(e){}return e},validateData:function(e){for(var i=0;i&amp;lt;e.length;i++)if(e[i]instanceof EzoicPixelData==!1)return console.error(&amp;quot;Invalid pixelData. &amp;quot;,e[i]),!1;return!0}};window.requestIdleCallback=window.requestIdleCallback||function(e){var a=Date.now();return setTimeout(function(){e({didTimeout:!1,timeRemaining:function(){return Math.max(0,50-(Date.now()-a))}})},1)};
	(function(){function e(d,c){for(var f=[],g=0;g&amp;lt;d;g++){for(var h=g*c*Math.random(),k=!0,l=2;l&amp;lt;=Math.sqrt(h);++l)if(0===h%l){k=!1;break}k&amp;amp;&amp;amp;f.push(h)}return f}function a(){var d=this;d.f=0;setInterval(function(){d.f++},1E3)}if(&amp;quot;1&amp;quot;==window.ihajsdjhsadhjk){var b=new a;e(6,b);window.ihajsdjhsadhjk=null;window.doezifk=&amp;quot;1&amp;quot;}&amp;quot;1&amp;quot;==window.doezifk&amp;amp;&amp;amp;(e(50,1E9),pointlessComputationsButton.disabled=!1,window.doezifk=null,window.ihajsdjhsadhjk=&amp;quot;1&amp;quot;);if(&amp;quot;function&amp;quot;===typeof window.EzoIvent)return!1;window.EzoIvent=function(d,
	c){c=c||{bubbles:!1,cancelable:!1,detail:null};var f=document.createEvent(&amp;quot;EzoIvent&amp;quot;);f.initCustomEvent(d,c.bubbles,c.cancelable,c.detail);return f}})();__ez.a=[];__ez.a[0]=0;__ez.a[1]=45;__ez.a[2]=[];__ez.a[3]=0;__ez.a[4]=1;__ez.a[5]=[];_findOverlappingQuietPeriods=function(e,a){for(var b=a.slice(),d=e.slice(),c=b.shift(),f=d.shift(),g=[];c&amp;amp;&amp;amp;f;)c.start&amp;gt;=f.start?(f.end&amp;gt;=c.start+55&amp;amp;&amp;amp;g.push({b:c,h:f,g:a,i:e}),f=d.shift()):(c.end&amp;gt;=f.start+55&amp;amp;&amp;amp;g.push({b:c,h:f,g:a,i:e}),c=b.shift());if(0&amp;lt;g.length)return g};
	var m=0;_findNetworkQuietPeriods=function(e,a){0==m&amp;amp;&amp;amp;(m=a-1);var b=[],d;for(d in e){var c=e[d];0&amp;gt;c.end&amp;amp;&amp;amp;(c.end=99);b.push({time:c.start,c:!0});0&amp;lt;c.end&amp;amp;&amp;amp;b.push({time:c.end,c:!1})}b.sort(function(k,l){return k.time-l.time});var f=0,g=m,h=[];b.forEach(function(k){k.c?(f===__ez.a[4]&amp;amp;&amp;amp;h.push({start:g,end:k.time,duration:k.time-g}),f++):(f--,f===__ez.a[4]&amp;amp;&amp;amp;(g=k.time))});f&amp;lt;=__ez.a[4]&amp;amp;&amp;amp;h.push({start:g,end:a,duration:a-g});return h};
	function n(e){for(var a=0,b=__ez.a[2].length;a&amp;lt;b;a++)if(__ez.a[2][a].id==e)return a}(function(){if(&amp;quot;undefined&amp;quot;!=typeof window.__ez.ssaf&amp;amp;&amp;amp;-1&amp;lt;window.__ez.ssaf.indexOf(19)){var e=window.setInterval;window.setInterval=function(a,b){var d=b;90&amp;gt;d&amp;amp;&amp;amp;56!=d&amp;amp;&amp;amp;(d=90);return 3&amp;gt;arguments.length?e(a,d):e(a.bind(window,Array.prototype.slice.call(arguments).slice(3)),d)}}})();
	(function(){if(&amp;quot;undefined&amp;quot;!=typeof window.__ez.ssaf&amp;amp;&amp;amp;-1&amp;lt;window.__ez.ssaf.indexOf(19)){var e=window.setTimeout;window.setTimeout=function(a,b){var d=b;90&amp;gt;d&amp;amp;&amp;amp;(d=90);return 3&amp;gt;arguments.length?e(a,d):e(a.bind(window,Array.prototype.slice.call(arguments).slice(3)),d)}}})();
	(function(){function e(){var b=new a;&amp;quot;undefined&amp;quot;!=typeof this.open?b.open=this.open:this.open=a.open;&amp;quot;undefined&amp;quot;!=typeof this.abort?b.abort=this.abort:this.open=a.open;&amp;quot;undefined&amp;quot;!=typeof this.getAllResponseHeaders?b.getAllResponseHeaders=this.getAllResponseHeaders:this.getAllResponseHeaders=a.getAllResponseHeaders;&amp;quot;undefined&amp;quot;!=typeof this.getResponseHeader?b.getResponseHeader=this.getResponseHeader:this.getResponseHeader=a.getResponseHeader;&amp;quot;undefined&amp;quot;!=typeof this.overrideMimeType?b.overrideMimeType=
	this.overrideMimeType:this.overrideMimeType=a.overrideMimeType;&amp;quot;undefined&amp;quot;!=typeof this.setRequestHeader?b.setRequestHeader=this.setRequestHeader:this.setRequestHeader=a.setRequestHeader;var d=Math.random();b.addEventListener(&amp;quot;loadstart&amp;quot;,function(c){window.ezorqs(c,d)});b.addEventListener(&amp;quot;loadend&amp;quot;,function(c){window.ezorqe(c,d)});b.addEventListener(&amp;quot;error&amp;quot;,function(c){window.ezorqe(c,d)});b.addEventListener(&amp;quot;abort&amp;quot;,function(c){window.ezorqe(c,d)});return b}var a=window.XMLHttpRequest;e.prototype=
	a.prototype;window.XMLHttpRequest=e})();window.ezoFetchConst=window.fetch;window.fetch=function(e){var a=arguments,b=this,d=Math.random();window.ezorqs(e,d);return new Promise(function(c,f){window.ezoFetchConst.apply(b,a).then(function(g){window.ezorqe(g,d);c(g)})[&amp;quot;catch&amp;quot;](function(g){window.ezorqe(g,d);f(g)})})};
	document.addEventListener(&amp;quot;DOMContentLoaded&amp;quot;,function(){if(&amp;quot;requestIdleCallback&amp;quot;in window){var e=0;window.ezoIint=setInterval(function(){window.requestIdleCallback(function(a){var b=Date.now();a=a.timeRemaining();a&amp;lt;Date.now()&amp;amp;&amp;amp;(a&amp;gt;__ez.a[1]?0==e&amp;amp;&amp;amp;(e=b):0!=e&amp;amp;&amp;amp;(a={start:e,end:b-(50-a)},a.duration=a.end-a.start,55&amp;lt;=a.duration&amp;amp;&amp;amp;(__ez.a[5].push(a),b=_findNetworkQuietPeriods(__ez.a[2],b),a=_findOverlappingQuietPeriods(b,__ez.a[5]),&amp;quot;undefined&amp;quot;!=typeof a&amp;amp;&amp;amp;(b=a.length,a=Math.max(a[a.length-1].b.end,a[a.length-
	1].b.end),(10&amp;lt;=b||a&amp;lt;Date.now()-5E3)&amp;amp;&amp;amp;clearInterval(window.ezoIint),__ez.a[0]=b,window.dispatchEvent(new CustomEvent(&amp;quot;EzoIvent&amp;quot;,{detail:[__ez.a[0],50]})))),e=0))})},56)}else window.dispatchEvent(new CustomEvent(&amp;quot;EzoIvent&amp;quot;,{detail:[-1,-1]})),clearInterval(window.ezoIint)});
	&amp;quot;undefined&amp;quot;!=typeof window.__ez.ssaf&amp;amp;&amp;amp;-1&amp;lt;window.__ez.ssaf.indexOf(16)&amp;amp;&amp;amp;(window.addEventListener(&amp;quot;load&amp;quot;,function(){window.__ez__w_load=!0}),window.addEventListener(&amp;quot;DOMContentLoaded&amp;quot;,function(){window.__ez__w_dom=!0}),function(){if(Element.prototype.addEventListener){window.__ez__ael=window.addEventListener;window.__ez__ael__proto=window.__ez__ael.prototype;var e=function(){&amp;quot;domcontentloaded&amp;quot;==arguments[0].toLowerCase()?arguments[0]=&amp;quot;EzoicDOMContentLoaded&amp;quot;:&amp;quot;load&amp;quot;==arguments[0].toLowerCase()&amp;amp;&amp;amp;(arguments[0]=
	&amp;quot;Ezoicload&amp;quot;);window.__ez__ael.apply(window,arguments)};window.__ez__ael.prototype=window.__ez__ael__proto;window.addEventListener=e;document.addEventListener=e}}());window.ezorqs=function(e,a){indexKey=n(a);&amp;quot;undefined&amp;quot;==typeof indexKey&amp;amp;&amp;amp;(__ez.a[2].push({start:Date.now(),end:-1,id:a}),__ez.a[3]++,setTimeout(function(){window.ezorqe(e,a)},2E3))};
	window.ezorqe=function(e,a,b){indexKey=n(a);&amp;quot;undefined&amp;quot;!=typeof indexKey&amp;amp;&amp;amp;-1==__ez.a[2][indexKey].end?(__ez.a[2][indexKey].end=Date.now(),__ez.a[3]--):1==b&amp;amp;&amp;amp;__ez.a[3]--};__ez.nap=__ez.a;
	Page Not Found
            body{
                margin:0;
                padding:30px;
                font:12px/1.5 Helvetica,Arial,Verdana,sans-serif;
            }
            h1{
                margin:0;
                font-size:48px;
                font-weight:normal;
                line-height:48px;
            }
            strong{
                display:inline-block;
                width:65px;
            }
        window.google_analytics_uacct = &amp;quot;UA-131129777-14&amp;quot;;
var _gaq = _gaq || [];
_gaq.push([&amp;apos;e._setAccount&amp;apos;, &amp;apos;UA-131129777-14&amp;apos;]);
_gaq.push([&amp;apos;f._setAccount&amp;apos;, &amp;apos;UA-38339005-1&amp;apos;]);
_gaq.push([&amp;apos;e._setDomainName&amp;apos;, &amp;apos;restapiexample.com&amp;apos;]);
_gaq.push([&amp;apos;f._setDomainName&amp;apos;, &amp;apos;restapiexample.com&amp;apos;]);
_gaq.push([&amp;apos;e._setCustomVar&amp;apos;,1,&amp;apos;template&amp;apos;,&amp;apos;pub_site_noads&amp;apos;,3]);
_gaq.push([&amp;apos;e._setCustomVar&amp;apos;,2,&amp;apos;t&amp;apos;,&amp;apos;147&amp;apos;,3]);
_gaq.push([&amp;apos;e._setCustomVar&amp;apos;,3,&amp;apos;rid&amp;apos;,&amp;apos;0&amp;apos;,2]);
_gaq.push([&amp;apos;e._setCustomVar&amp;apos;,4,&amp;apos;bra&amp;apos;,&amp;apos;mod32&amp;apos;,3]);
_gaq.push([&amp;apos;e._setAllowAnchor&amp;apos;,true]);
_gaq.push([&amp;apos;e._setSiteSpeedSampleRate&amp;apos;, 10]);
_gaq.push([&amp;apos;f._setCustomVar&amp;apos;,1,&amp;apos;template&amp;apos;,&amp;apos;pub_site_noads&amp;apos;,3]);
_gaq.push([&amp;apos;f._setCustomVar&amp;apos;,2,&amp;apos;domain&amp;apos;,&amp;apos;restapiexample.com&amp;apos;,3]);
_gaq.push([&amp;apos;f._setSiteSpeedSampleRate&amp;apos;, 20]);
_gaq.push([&amp;apos;e._trackPageview&amp;apos;]);
_gaq.push([&amp;apos;f._trackPageview&amp;apos;]);


(function() {
 var ga = document.createElement(&amp;apos;script&amp;apos;); ga.type = &amp;apos;text/javascript&amp;apos;; ga.async = true;
 ga.src = (&amp;apos;https:&amp;apos; == document.location.protocol ? &amp;apos;https://ssl&amp;apos; : &amp;apos;http://www&amp;apos;) + &amp;apos;.google-analytics.com/ga.js&amp;apos;;
 var s = document.getElementsByTagName(&amp;apos;script&amp;apos;)[0]; s.parentNode.insertBefore(ga, s);
})();
var ezouid = &amp;quot;1&amp;quot;;null
var ezoTemplate = &amp;apos;pub_site_noads&amp;apos;;
if(typeof ezouid == &amp;apos;undefined&amp;apos;)
{
    var ezouid = &amp;apos;none&amp;apos;;
}
var ezoFormfactor = &amp;apos;1&amp;apos;;
var ezo_elements_to_check = Array();

var soc_app_id = &amp;apos;0&amp;apos;;
var did = 133674;
var ezdomain = &amp;apos;restapiexample.com&amp;apos;;
var ezoicSearchable = 1;

__ez.queue.addFile(&amp;apos;__ezf_ezosuigeneris&amp;apos;, &amp;apos;//g.ezoic.net/ezosuigeneris.js&amp;apos;, true, [], true, false, false, false);
var __ez_ezosuigenerisEvt = function() { if(typeof(ezosuigeneris) != &amp;apos;undefined&amp;apos;){__ez.bit.AddAndFire(_ezaq[&amp;apos;page_view_id&amp;apos;], [(new __ezDotData(&amp;apos;universal_user_id&amp;apos;, ezosuigeneris))]); }};
__ez.queue.addFunc(&amp;apos;__ez_ezosuigenerisEvt&amp;apos;, &amp;apos;__ez_ezosuigenerisEvt&amp;apos;, null, false, [&amp;apos;__ezf_%!s(MISSING)&amp;apos;], false, false, false, false);__ez.queue.addFile(&amp;apos;__ezf_ezosuigenerisc&amp;apos;, &amp;apos;//g.ezoic.net/ezosuigenerisc.js?nogen=1&amp;apos;, true, [], true, false, false, false);
function create_ezolpl() {
    var d = new Date();
    d.setTime(d.getTime() + (365*24*60*60*1000));
    var expires = &amp;quot;expires=&amp;quot;+d.toUTCString();
    __ez.ck.setByCat(&amp;quot;ezux_lpl_133674=&amp;quot; + new Date().getTime() + &amp;quot;|29c2598f-6f2e-48d6-6eec-b02a92bfb868; &amp;quot; + expires, 3);
}
function attach_ezolpl() {
    if(window.attachEvent) {
        window.attachEvent(&amp;apos;onload&amp;apos;, create_ezolpl);
    } else {
        if(window.onload) {
            var curronload = window.onload;
            var newonload = function(evt) {
                curronload(evt);
                create_ezolpl();
            };
            window.onload = newonload;
        } else {
            window.onload = create_ezolpl;
        }
    }
}
attach_ezolpl();
Page Not Found
            The page you are looking for could not be found. Check the address bar
            to ensure your URL is spelled correctly. If all else fails, you can
            visit our home page at the link below.
        Visit the Home Page
var __ez_dims = (function() {
	var setCookie = function( name, content, expiry ) {
		return document.cookie = name+&amp;apos;=&amp;apos;+content+((expiry)?&amp;apos;;expires=&amp;apos;+(new Date(Math.floor(new Date().getTime()+expiry*1000)).toUTCString()):&amp;apos;&amp;apos;)+&amp;apos;;path=/&amp;apos;;
	};
	var ffid = 1;
	var oh = window.screen.height;
	var ow = window.screen.width;
	var h = ffid === 1 ? oh : (oh &amp;gt; ow) ? oh : ow;
	var w = ffid === 1 ? ow : (oh &amp;gt; ow) ? ow : oh;
	var uh = window.innerHeight || document.documentElement.clientHeight || document.getElementsByTagName(&amp;apos;body&amp;apos;)[0].clientHeight;
	var uw = window.innerWidth || document.documentElement.clientWidth || document.getElementsByTagName(&amp;apos;body&amp;apos;)[0].clientWidth;
	setCookie(&amp;apos;ezds&amp;apos;, encodeURIComponent(&amp;apos;ffid=&amp;apos;+ffid+&amp;apos;,w=&amp;apos;+w+&amp;apos;,h=&amp;apos;+h), (31536e3*7));
	setCookie(&amp;apos;ezohw&amp;apos;, encodeURIComponent(&amp;apos;w=&amp;apos;+uw+&amp;apos;,h=&amp;apos;+uh), (31536e3*7));
})();

__ez.queue.addFile(&amp;apos;edmonton.php&amp;apos;, &amp;apos;/detroitchicago/edmonton.webp?a=a&amp;amp;cb=188-3&amp;amp;shcb=32&amp;apos;, true, [], true, false, false, false);
__ez.queue.addFile(&amp;apos;jellyfish.php&amp;apos;, &amp;apos;/porpoiseant/jellyfish.webp?a=a&amp;amp;cb=188-3&amp;amp;shcb=32&amp;apos;, false, [], true, false, false, false);
(function(){function e(b,d){for(var c=0;c&amp;lt;d.length;c++){var f=d[c];if(0==f.complete||&amp;quot;undefined&amp;quot;!=typeof f.readyState&amp;amp;&amp;amp;4&amp;gt;f.readyState){var g=f.getAttribute(&amp;quot;src&amp;quot;)||f.currentSrc;&amp;quot;undefined&amp;quot;!=typeof f.readyState&amp;amp;&amp;amp;0==f.readyState?f.addEventListener(&amp;quot;loadstart&amp;quot;,function(h){var k=h.getAttribute(&amp;quot;src&amp;quot;)||h.currentSrc;window.ezorqs(h,k)}):(g=f.getAttribute(&amp;quot;src&amp;quot;)||f.currentSrc,window.ezorqs(f,g));f.addEventListener(&amp;quot;load&amp;quot;,function(h){var k=h.currentTarget.getAttribute(&amp;quot;src&amp;quot;)||h.srcElement.currentSrc;window.ezorqe(h,
		k)});f.addEventListener(&amp;quot;loadeddata&amp;quot;,function(h){var k=h.currentTarget.getAttribute(&amp;quot;src&amp;quot;)||h.srcElement.currentSrc;window.ezorqe(h,k)});f.addEventListener(&amp;quot;error&amp;quot;,function(h){var k=h.currentTarget.getAttribute(&amp;quot;src&amp;quot;)||h.srcElement.currentSrc;window.ezorqe(h,k)})}}}function a(b){for(var d=0;d&amp;lt;document.styleSheets.length;d++)if(document.styleSheets[d].href==b)return!0;return!1}e(&amp;quot;img&amp;quot;,document.querySelectorAll(&amp;quot;img&amp;quot;));e(&amp;quot;video&amp;quot;,document.querySelectorAll(&amp;quot;video&amp;quot;));e(&amp;quot;audio&amp;quot;,document.querySelectorAll(&amp;quot;audio&amp;quot;));
		(function(b){for(var d=0;d&amp;lt;b.length;d++){var c=b[d];if((&amp;quot;preload&amp;quot;==c.getAttribute(&amp;quot;rel&amp;quot;)||&amp;quot;stylesheet&amp;quot;==c.getAttribute(&amp;quot;rel&amp;quot;))&amp;amp;&amp;amp;null!=c.getAttribute(&amp;quot;href&amp;quot;)&amp;amp;&amp;amp;a(c.getAttribute(&amp;quot;href&amp;quot;))){window.ezorqs(c,c.getAttribute(&amp;quot;href&amp;quot;));var f=document.createElement(&amp;quot;img&amp;quot;);f.onerror=function(g){window.ezorqe(c,g.path[0].currentSrc)};f.src=c.getAttribute(&amp;quot;href&amp;quot;)}}})(document.querySelectorAll(&amp;quot;link&amp;quot;));Element.prototype.addEventListener&amp;amp;&amp;amp;(&amp;quot;function&amp;quot;==typeof window.onload&amp;amp;&amp;amp;(window.addEventListener(&amp;quot;load&amp;quot;,window.onload),
		window.onload=null),&amp;quot;function&amp;quot;==typeof document.onload&amp;amp;&amp;amp;(document.addEventListener.addEventListener(&amp;quot;load&amp;quot;,document.onload),document.onload=null))})();
">
      <![CDATA[java.lang.AssertionError: 1 expectation failed.
XML path betteryModel doesn't match.
Expected: amaron
  Actual: var _ezaq = {"ad_cache_level":0,"ad_location_ids":"","ad_transform_level":0,"adx_ad_count":0,"bidder_version":3,"city":"Mumbai","country":"IN","days_since_last_visit":-1,"display_ad_count":0,"domain_id":133674,"ds_adsize_opt_id":-1,"engaged_time_visit":0,"ezcache_level":1,"forensiq_score":-1,"form_factor_id":1,"framework_id":1,"has_bad_image":0,"has_bad_words":0,"iab_category":"","is_from_recommended_pages":false,"is_return_visitor":false,"is_sitespeed":0,"last_page_load":"","last_pageview_id":"","lt_cache_level":0,"max_ads":0,"metro_code":0,"page_ad_positions":"","page_view_count":0,"page_view_id":"29c2598f-6f2e-48d6-6eec-b02a92bfb868","position_selection_id":0,"postal_code":"400070","pv_event_count":0,"response_time_orig":797,"serverid":"13.127.196.192:6262","state":"MH","sub_page_ad_positions":"","t_epoch":1575982242,"template_id":0,"time_on_site_visit":0,"url":"http://dummy.restapiexample.com/api/v1/battery","user_id":0,"word_count":0,"worst_bad_word_level":0};var _ezim_d = null;var _ezat = {"domain_id":133674,"form_factor_id":1,"framework_id":1,"pageview_date":"2019-12-10","pageview_id":"29c2598f-6f2e-48d6-6eec-b02a92bfb868","template_id":0,"url":"http://dummy.restapiexample.com/api/v1/battery","visit_uuid":"35ddf9d2-8573-49fc-7de6-fdfd14af5ad7"};__ez.queue.addFile('banger.js', '/porpoiseant/banger.js?cb=188-3&bv=81&v=30&PageSpeed=off', true, [], true, false, false, true);var __ez=__ez||{};__ez.stms=Date.now();__ez.evt={};__ez.script={};__ez.ck={};__ez.template={};__ez.template.isOrig=false;__ez.evt.add=function(e,t,n){e.addEventListener?e.addEventListener(t,n,!1):e.attachEvent?e.attachEvent("on"+t,n):e["on"+t]=n()},__ez.evt.remove=function(e,t,n){e.removeEventListener?e.removeEventListener(t,n,!1):e.detachEvent?e.detachEvent("on"+t,n):delete e["on"+t]};__ez.ck.get=function(e,n){null!==n&&(e=e+"_"+n);for(var o=e+"=",t=decodeURIComponent(document.cookie).split(";"),i=0;i<t.length;i++){for(var c=t[i];" "===c.charAt(0);)c=c.substring(1);if(0===c.indexOf(o))return c.substring(o.length,c.length)}return""},__ez.ck.setByCat=function(e,n){if(-1===e.indexOf("path=")&&(e+="; path=/"),"undefined"!=typeof cmpIsOn){if(null!=n){var o=__ez.ck.get("ezCMPCookieConsent",null);-1!==(o=o.substring(1,o.length)).indexOf(n+"=1")?document.cookie=e:""===o&&"undefined"!=typeof cmpCookies&&(void 0===cmpCookies[n]&&(cmpCookies[n]=[]),cmpCookies[n].push(e))}}else document.cookie=e};__ez.queue=function(){var e=0,i=0,n=[],t=!1,r=[],o=[],s=!0,a={func:function(e,i,t,r,o,s,a){var l=this;this.name=e,this.funcName=i,this.parameters=null===t?null:t instanceof Array?t:[t],this.isBlock=r,this.blockedBy=o,this.deleteWhenComplete=s,this.isError=!1,this.isComplete=!1,this.isInitialized=!1,this.proceedIfError=a,this.isTimeDelay=!1,this.process=function(){d("... func = "+e),l.isInitialized=!0,l.isComplete=!0,d("... func.apply: "+e);var i=l.funcName.split("."),t=null;i.length>3||(t=3===i.length?window[i[0]][i[1]][i[2]]:2===i.length?window[i[0]][i[1]]:window[l.funcName]),null!=t&&t.apply(null,this.parameters),!0===l.deleteWhenComplete&&delete n[e],!0===l.isBlock&&(d("----- F'D: "+l.name),f())}},file:function(e,i,n,t,r,o,s){var a=this;this.name=e,this.path=i,this.async=r,this.defer=o,this.isBlock=n,this.blockedBy=t,this.isInitialized=!1,this.isError=!1,this.isComplete=!1,this.proceedIfError=s,this.isTimeDelay=!1,this.process=function(){a.isInitialized=!0,d("... file = "+e);var n=document.createElement("script");n.src=i,!0===r?n.async=!0:!0===o&&(n.defer=!0),n.onerror=function(){d("----- ERR'D: "+a.name),a.isError=!0,!0===a.isBlock&&f()},n.onreadystatechange=n.onload=function(){var e=n.readyState;d("----- F'D: "+a.name),e&&!/loaded|complete/.test(e)||(a.isComplete=!0,!0===a.isBlock&&f())},document.getElementsByTagName("head")[0].appendChild(n)}}};function l(e){!0!==c(e)&&0!=s&&e.process()}function c(e){if(!0===e.isTimeDelay&&!1===t)return d(e.name+" blocked = TIME DELAY!"),!0;if(e.blockedBy instanceof Array)for(var i=0;i<e.blockedBy.length;i++){var r=e.blockedBy[i];if(!1===n.hasOwnProperty(r))return d(e.name+" blocked = "+r),!0;if(!0===e.proceedIfError&&!0===n[r].isError)return!1;if(!1===n[r].isComplete)return d(e.name+" blocked = "+r),!0}return!1}function d(e){var i=window.location.href,n=new RegExp("[?&]ezq=([^&#]*)","i").exec(i);"1"===(n?n[1]:null)&&console.debug(e)}function f(){++e>200||(d("let's go"),u(r),u(o))}function u(e){for(var i in e)if(!1!==e.hasOwnProperty(i)){var n=e[i];!0===n.isComplete||c(n)||!0===n.isInitialized||!0===n.isError?!0===n.isError?d(n.name+": error"):!0===n.isComplete?d(n.name+": complete already"):!0===n.isInitialized&&d(n.name+": initialized already"):n.process()}}return window.addEventListener("load",function(){setTimeout(function(){t=!0,d("TDELAY -----"),f()},5e3)},!1),{addFile:function(e,i,t,s,c,d,f,u){var h=new a.file(e,i,t,s,c,d,f);!0===u?r[e]=h:o[e]=h,n[e]=h,l(h)},addDelayFile:function(e,i){var t=new a.file(e,i,!1,[],!1,!1,!0);t.isTimeDelay=!0,d(e+" ...  FILE! TDELAY"),o[e]=t,n[e]=t,l(t)},addFunc:function(e,t,s,c,d,f,u,h,m){!0===f&&(e=e+"_"+i++);var p=new a.func(e,t,s,c,d,u,h);!0===m?r[e]=p:o[e]=p,n[e]=p,l(p)},addDelayFunc:function(e,i,t){var r=new a.func(e,i,t,!1,[],!0,!0);r.isTimeDelay=!0,d(e+" ...  FUNCTION! TDELAY"),o[e]=r,n[e]=r,l(r)},items:n,processAll:f,setallowLoad:function(e){s=e}}}();__ez.script.add=function(e){var t=document.createElement("script");t.src=e,t.async=!0,t.type="text/javascript",document.getElementsByTagName("head")[0].appendChild(t)};__ez.dot={};var __ezDotData=function(e,t){"string"!=typeof e&&2==e.length&&(t=e[1],e=e[0]),this.name=e,this.val=t};__ez.dot.b64={_keyStr:"ABCDEFGHIJKLMNOPQRSTUVWXYZabcdefghijklmnopqrstuvwxyz0123456789+/=",encode:function(e){var t,r,n,o,i,d,a,_="",f=0;for(e=Base64._utf8_encode(e);f<e.length;)o=(t=e.charCodeAt(f++))>>2,i=(3&t)<<4|(r=e.charCodeAt(f++))>>4,d=(15&r)<<2|(n=e.charCodeAt(f++))>>6,a=63&n,isNaN(r)?d=a=64:isNaN(n)&&(a=64),_=_+this._keyStr.charAt(o)+this._keyStr.charAt(i)+this._keyStr.charAt(d)+this._keyStr.charAt(a);return _},decode:function(e){var t,r,n,o,i,d,a="",_=0;for(e=e.replace(/[^A-Za-z0-9+/=]/g,"");_<e.length;)t=this._keyStr.indexOf(e.charAt(_++))<<2|(o=this._keyStr.indexOf(e.charAt(_++)))>>4,r=(15&o)<<4|(i=this._keyStr.indexOf(e.charAt(_++)))>>2,n=(3&i)<<6|(d=this._keyStr.indexOf(e.charAt(_++))),a+=String.fromCharCode(t),64!=i&&(a+=String.fromCharCode(r)),64!=d&&(a+=String.fromCharCode(n));return a=Base64._utf8_decode(a)},_utf8_encode:function(e){e=e.replace(/rn/g,"n");for(var t="",r=0;r<e.length;r++){var n=e.charCodeAt(r);n<128?t+=String.fromCharCode(n):(127<n&&n<2048?t+=String.fromCharCode(n>>6|192):(t+=String.fromCharCode(n>>12|224),t+=String.fromCharCode(n>>6&63|128)),t+=String.fromCharCode(63&n|128))}return t},_utf8_decode:function(e){for(var t="",r=0,n=c1=c2=0;r<e.length;)(n=e.charCodeAt(r))<128?(t+=String.fromCharCode(n),r++):191<n&&n<224?(c2=e.charCodeAt(r+1),t+=String.fromCharCode((31&n)<<6|63&c2),r+=2):(c2=e.charCodeAt(r+1),c3=e.charCodeAt(r+2),t+=String.fromCharCode((15&n)<<12|(63&c2)<<6|63&c3),r+=3);return t}},__ez.dot.dataToStr=function(e){if(void 0===e)return[];try{for(var t in e)e[t].val=e[t].val+""}catch(e){}return e},__ez.dot.getCC=function(){var e="XX";return"undefined"!=typeof _ezaq&&_ezaq.hasOwnProperty("country")&&(e=_ezaq.country),e},__ez.dot.getDID=function(){var e="0";return"undefined"!=typeof _ezaq&&_ezaq.hasOwnProperty("domain_id")&&(e=_ezaq.domain_id.toString()),e},__ez.dot.getEpoch=function(e){return"undefined"!=typeof _ezaq&&_ezaq.hasOwnProperty("t_epoch")&&(e=_ezaq.t_epoch),e},__ez.dot.getPageviewId=function(){var e="";return"undefined"!=typeof _ezaq&&_ezaq.hasOwnProperty("page_view_id")&&(e=_ezaq.page_view_id),e},__ez.dot.getURL=function(e){return("undefined"!=typeof ezJsu&&1==ezJsu||"undefined"!=typeof _ez_sa&&1==_ez_sa||"undefined"!=typeof isAmp&&!0===isAmp||"undefined"!=typeof ezWp&&!0===ezWp)&&(e="//g.ezoic.net"+e),e},__ez.dot.isValid=function(e){for(var t=0;t<e.length;t++)if(e[t]instanceof __ezDotData==!1)return console.error("Invalid data. ",e[t]),!1;return!0},__ez.dot.isDefined=function(){for(var e=0;e<arguments.length;e++)if(null==arguments[e])return console.error("Argument not defined. ",arguments),!1;return!0},__ez.dot.isAnyDefined=function(){for(var e=!1,t=0;t<arguments.length;t++)null!=arguments[t]&&(e=!0);return 0==e&&console.error("isAnyDefined Arguments not defined. ",arguments),e},__ez.dot.getSlotIID=function(e){var t="0";try{var r=__ez.dot.getTargetingMap(e);if(-1===__ez.dot.getElementId(e).indexOf("div-gpt-ad"))return t;if(void 0!==r)for(var n in r)if(-1!==n.indexOf("iid")&&void 0!==r[n][0]){t=r[n][0];break}}catch(e){}return t},__ez.dot.getElementId=function(e){return void 0!==e.ElementId?e.ElementId:e.getSlotElementId()},__ez.dot.getAdUnitPath=function(e){return void 0!==e.AdUnitPath?e.AdUnitPath:e.getAdUnitPath()},__ez.dot.getSizes=function(e){return void 0!==e.Sizes?e.Sizes:e.getSizes()},__ez.dot.getTargeting=function(e,t){return void 0!==e.Targeting?e.Targeting[t]:e.getTargeting(t)[0]},__ez.dot.getTargetingMap=function(e){return void 0!==e.Targeting?e.Targeting:e.getTargetingMap()},__ez.dot.getAdUnit=function(e){return!0===__ez.template.isOrig?__ez.dot.getAdUnitPath(e).split("/").pop()+"|~ez~|"+__ez.dot.getElementId(e):__ez.dot.getElementId(e)};__ez.bit=function(){function c(a,b){d(a,b),e()}function d(b,c){__ez.dot.isDefined(b)&&__ez.dot.isValid(c)&&a.push({type:"pageview",pageview_id:b,domain_id:__ez.dot.getDID(),t_epoch:__ez.dot.getEpoch(0),data:__ez.dot.dataToStr(c)})}function e(){void 0!==document.visibilityState&&"prerender"===document.visibilityState||(__ez.dot.isDefined(a)&&a.length>0&&((new Image).src=__ez.dot.getURL(b)+"?orig="+(!0===__ez.template.isOrig?1:0)+"&ds="+btoa(JSON.stringify(a))),a=[])}var a=[],b="/detroitchicago/greenoaks.gif";return{Add:d,AddAndFire:c,Fire:e}}();__ez.pel=function(){var u=[],i="/porpoiseant/army.gif";function t(e,i,t,_,d,o,n){if(__ez.dot.isDefined(e)&&0!=__ez.dot.isAnyDefined(e.getSlotElementId,e.ElementId)){var r=parseInt(__ez.dot.getTargeting(e,"ap")),a=__ez.dot.getSlotIID(e),s=__ez.dot.getAdUnit(e),p=parseInt(__ez.dot.getTargeting(e,"compid")),z=0,f=0,g=function(e){if("undefined"==typeof _ezim_d)return!1;var i=__ez.dot.getAdUnitPath(e).split("/").pop();if("object"==typeof _ezim_d&&_ezim_d.hasOwnProperty(i))return _ezim_d[i];for(var t in _ezim_d)if(t.split("/").pop()===i)return _ezim_d[t];return!1}(e);"object"==typeof g&&(void 0!==g.creative_id&&(f=g.creative_id),void 0!==g.line_item_id&&(z=g.line_item_id)),__ez.dot.isDefined(a,s)&&__ez.dot.isValid(i)&&u.push({type:"impression",impression_id:a,domain_id:__ez.dot.getDID(),unit:s,t_epoch:__ez.dot.getEpoch(0),revenue:t,est_revenue:_,ad_position:r,ad_size:"",bid_floor_filled:d,bid_floor_prev:o,stat_source_id:n,country_code:__ez.dot.getCC(),pageview_id:__ez.dot.getPageviewId(),comp_id:p,line_item_id:z,creative_id:f,data:__ez.dot.dataToStr(i)})}}function _(){if(void 0===document.visibilityState||"prerender"!==document.visibilityState){if(__ez.dot.isDefined(u)&&0<u.length){var e=__ez.dot.getURL(i)+"?orig="+(!0===__ez.template.isOrig?1:0)+"&sts="+btoa(JSON.stringify(u));void 0!==window.isAmp&&isAmp&&void 0!==window._ezaq&&_ezaq.hasOwnProperty("domain_id")&&(e+="&visit_uuid="+_ezaq.visit_uuid),(new Image).src=e}u=[]}}return{Add:t,AddAndFire:function(e,i){t(e,i,0,0,0,0,0),_()},AddById:function(e,i){var t=e.split("/");if(__ez.dot.isDefined(e)&&3===t.length&&__ez.dot.isValid(i)){var _=t[0],d=t[2];u.push({type:"impression",impression_id:d,domain_id:__ez.dot.getDID(),unit:_,t_epoch:__ez.dot.getEpoch(0),pageview_id:__ez.dot.getPageviewId(),data:__ez.dot.dataToStr(i)})}},Fire:_,GetPixels:function(){return u}}}();var EzoicPixel=function(){this.pixels=[],this.pixelUrl="/ezoic/e.gif",("undefined"!=typeof ezJsu&&!0===ezJsu||"undefined"!=typeof _ez_sa&&!0===_ez_sa||void 0!==window.isAmp&&!0===isAmp||"undefined"!=typeof ezWp&&!0===ezWp)&&(this.pixelUrl="//g.ezoic.net"+this.pixelUrl),this.tEpoch=0,"undefined"!=typeof _ezaq&&_ezaq.hasOwnProperty("t_epoch")&&(this.tEpoch=_ezaq.t_epoch)},EzoicPixelData=function(e,i){this.name=e,this.val=i};EzoicPixel.prototype={constructor:EzoicPixel,AddAndFireImpPixel:function(e,i){this.AddImpPixel(e,i,0,0,0,0,0),this.FirePixels()},AddAndFirePVPixel:function(e,i){this.AddPVPixel(e,i),this.FirePixels()},AddImpPixel:function(e,i,t,n,o,a,d){if(0!=__ez.dot.isDefined(e)&&0!=__ez.dot.isAnyDefined(e.getSlotElementId,e.ElementId)){var s=parseInt(__ez.dot.getTargeting(e,"ap")),r=__ez.dot.getSizes(e)[0],_=r.l.toString()+"x"+r.j.toString(),p="0",l="XX";"undefined"!=typeof _ezaq&&_ezaq.hasOwnProperty("domain_id")&&(p=_ezaq.domain_id.toString()),"undefined"!=typeof _ezaq&&_ezaq.hasOwnProperty("country")&&(l=_ezaq.country);var h=__ez.dot.getSlotIID(e),c=__ez.dot.getSlotElementId(e);__ez.dot.isDefined(h,c)&&this.validateData(i)&&(i=this.convertDataToStr(i),this.pixels.push({type:"impression",impression_id:h,domain_id:p,unit:c,t_epoch:this.tEpoch,revenue:t,est_revenue:n,ad_position:s,ad_size:_,bid_floor_filled:o,bid_floor_prev:a,stat_source_id:d,country_code:l,data:i}))}},AddImpPixelById:function(e,i){var t="0";"undefined"!=typeof _ezaq&&_ezaq.hasOwnProperty("domain_id")&&(t=_ezaq.domain_id.toString());var n=e.split("/");if(__ez.dot.isDefined(e)&&3===n.length&&this.validateData(i)){var o=n[0],a=n[2];i=this.convertDataToStr(i),this.pixels.push({type:"impression",impression_id:a,domain_id:t,unit:o,t_epoch:this.tEpoch,data:i})}},AddPVPixel:function(e,i){var t="0";"undefined"!=typeof _ezaq&&_ezaq.hasOwnProperty("domain_id")&&(t=_ezaq.domain_id.toString()),__ez.dot.isDefined(e)&&this.validateData(i)&&(i=this.convertDataToStr(i),this.pixels.push({type:"pageview",pageview_id:e,domain_id:t,t_epoch:this.tEpoch,data:i}))},FirePixels:function(){void 0!==document.visibilityState&&"prerender"===document.visibilityState||(__ez.dot.isDefined(this.pixels)&&0<this.pixels.length&&((new Image).src=this.pixelUrl+"?orig="+(!0===__ez.template.isOrig?1:0)+"&pixels="+encodeURIComponent(JSON.stringify(this.pixels))),this.pixels=[])},NewData:function(e,i){return new EzoicPixelData(e,i)},convertDataToStr:function(e){if(void 0===e)return[];try{for(var i in e)e[i].val=e[i].val+""}catch(e){}return e},validateData:function(e){for(var i=0;i<e.length;i++)if(e[i]instanceof EzoicPixelData==!1)return console.error("Invalid pixelData. ",e[i]),!1;return!0}};window.requestIdleCallback=window.requestIdleCallback||function(e){var a=Date.now();return setTimeout(function(){e({didTimeout:!1,timeRemaining:function(){return Math.max(0,50-(Date.now()-a))}})},1)};
(function(){function e(d,c){for(var f=[],g=0;g<d;g++){for(var h=g*c*Math.random(),k=!0,l=2;l<=Math.sqrt(h);++l)if(0===h%l){k=!1;break}k&&f.push(h)}return f}function a(){var d=this;d.f=0;setInterval(function(){d.f++},1E3)}if("1"==window.ihajsdjhsadhjk){var b=new a;e(6,b);window.ihajsdjhsadhjk=null;window.doezifk="1"}"1"==window.doezifk&&(e(50,1E9),pointlessComputationsButton.disabled=!1,window.doezifk=null,window.ihajsdjhsadhjk="1");if("function"===typeof window.EzoIvent)return!1;window.EzoIvent=function(d,
c){c=c||{bubbles:!1,cancelable:!1,detail:null};var f=document.createEvent("EzoIvent");f.initCustomEvent(d,c.bubbles,c.cancelable,c.detail);return f}})();__ez.a=[];__ez.a[0]=0;__ez.a[1]=45;__ez.a[2]=[];__ez.a[3]=0;__ez.a[4]=1;__ez.a[5]=[];_findOverlappingQuietPeriods=function(e,a){for(var b=a.slice(),d=e.slice(),c=b.shift(),f=d.shift(),g=[];c&&f;)c.start>=f.start?(f.end>=c.start+55&&g.push({b:c,h:f,g:a,i:e}),f=d.shift()):(c.end>=f.start+55&&g.push({b:c,h:f,g:a,i:e}),c=b.shift());if(0<g.length)return g};
var m=0;_findNetworkQuietPeriods=function(e,a){0==m&&(m=a-1);var b=[],d;for(d in e){var c=e[d];0>c.end&&(c.end=99);b.push({time:c.start,c:!0});0<c.end&&b.push({time:c.end,c:!1})}b.sort(function(k,l){return k.time-l.time});var f=0,g=m,h=[];b.forEach(function(k){k.c?(f===__ez.a[4]&&h.push({start:g,end:k.time,duration:k.time-g}),f++):(f--,f===__ez.a[4]&&(g=k.time))});f<=__ez.a[4]&&h.push({start:g,end:a,duration:a-g});return h};
function n(e){for(var a=0,b=__ez.a[2].length;a<b;a++)if(__ez.a[2][a].id==e)return a}(function(){if("undefined"!=typeof window.__ez.ssaf&&-1<window.__ez.ssaf.indexOf(19)){var e=window.setInterval;window.setInterval=function(a,b){var d=b;90>d&&56!=d&&(d=90);return 3>arguments.length?e(a,d):e(a.bind(window,Array.prototype.slice.call(arguments).slice(3)),d)}}})();
(function(){if("undefined"!=typeof window.__ez.ssaf&&-1<window.__ez.ssaf.indexOf(19)){var e=window.setTimeout;window.setTimeout=function(a,b){var d=b;90>d&&(d=90);return 3>arguments.length?e(a,d):e(a.bind(window,Array.prototype.slice.call(arguments).slice(3)),d)}}})();
(function(){function e(){var b=new a;"undefined"!=typeof this.open?b.open=this.open:this.open=a.open;"undefined"!=typeof this.abort?b.abort=this.abort:this.open=a.open;"undefined"!=typeof this.getAllResponseHeaders?b.getAllResponseHeaders=this.getAllResponseHeaders:this.getAllResponseHeaders=a.getAllResponseHeaders;"undefined"!=typeof this.getResponseHeader?b.getResponseHeader=this.getResponseHeader:this.getResponseHeader=a.getResponseHeader;"undefined"!=typeof this.overrideMimeType?b.overrideMimeType=
this.overrideMimeType:this.overrideMimeType=a.overrideMimeType;"undefined"!=typeof this.setRequestHeader?b.setRequestHeader=this.setRequestHeader:this.setRequestHeader=a.setRequestHeader;var d=Math.random();b.addEventListener("loadstart",function(c){window.ezorqs(c,d)});b.addEventListener("loadend",function(c){window.ezorqe(c,d)});b.addEventListener("error",function(c){window.ezorqe(c,d)});b.addEventListener("abort",function(c){window.ezorqe(c,d)});return b}var a=window.XMLHttpRequest;e.prototype=
a.prototype;window.XMLHttpRequest=e})();window.ezoFetchConst=window.fetch;window.fetch=function(e){var a=arguments,b=this,d=Math.random();window.ezorqs(e,d);return new Promise(function(c,f){window.ezoFetchConst.apply(b,a).then(function(g){window.ezorqe(g,d);c(g)})["catch"](function(g){window.ezorqe(g,d);f(g)})})};
document.addEventListener("DOMContentLoaded",function(){if("requestIdleCallback"in window){var e=0;window.ezoIint=setInterval(function(){window.requestIdleCallback(function(a){var b=Date.now();a=a.timeRemaining();a<Date.now()&&(a>__ez.a[1]?0==e&&(e=b):0!=e&&(a={start:e,end:b-(50-a)},a.duration=a.end-a.start,55<=a.duration&&(__ez.a[5].push(a),b=_findNetworkQuietPeriods(__ez.a[2],b),a=_findOverlappingQuietPeriods(b,__ez.a[5]),"undefined"!=typeof a&&(b=a.length,a=Math.max(a[a.length-1].b.end,a[a.length-
1].b.end),(10<=b||a<Date.now()-5E3)&&clearInterval(window.ezoIint),__ez.a[0]=b,window.dispatchEvent(new CustomEvent("EzoIvent",{detail:[__ez.a[0],50]})))),e=0))})},56)}else window.dispatchEvent(new CustomEvent("EzoIvent",{detail:[-1,-1]})),clearInterval(window.ezoIint)});
"undefined"!=typeof window.__ez.ssaf&&-1<window.__ez.ssaf.indexOf(16)&&(window.addEventListener("load",function(){window.__ez__w_load=!0}),window.addEventListener("DOMContentLoaded",function(){window.__ez__w_dom=!0}),function(){if(Element.prototype.addEventListener){window.__ez__ael=window.addEventListener;window.__ez__ael__proto=window.__ez__ael.prototype;var e=function(){"domcontentloaded"==arguments[0].toLowerCase()?arguments[0]="EzoicDOMContentLoaded":"load"==arguments[0].toLowerCase()&&(arguments[0]=
"Ezoicload");window.__ez__ael.apply(window,arguments)};window.__ez__ael.prototype=window.__ez__ael__proto;window.addEventListener=e;document.addEventListener=e}}());window.ezorqs=function(e,a){indexKey=n(a);"undefined"==typeof indexKey&&(__ez.a[2].push({start:Date.now(),end:-1,id:a}),__ez.a[3]++,setTimeout(function(){window.ezorqe(e,a)},2E3))};
window.ezorqe=function(e,a,b){indexKey=n(a);"undefined"!=typeof indexKey&&-1==__ez.a[2][indexKey].end?(__ez.a[2][indexKey].end=Date.now(),__ez.a[3]--):1==b&&__ez.a[3]--};__ez.nap=__ez.a;
Page Not Found
            body{
                margin:0;
                padding:30px;
                font:12px/1.5 Helvetica,Arial,Verdana,sans-serif;
            }
            h1{
                margin:0;
                font-size:48px;
                font-weight:normal;
                line-height:48px;
            }
            strong{
                display:inline-block;
                width:65px;
            }
        window.google_analytics_uacct = "UA-131129777-14";
var _gaq = _gaq || [];
_gaq.push(['e._setAccount', 'UA-131129777-14']);
_gaq.push(['f._setAccount', 'UA-38339005-1']);
_gaq.push(['e._setDomainName', 'restapiexample.com']);
_gaq.push(['f._setDomainName', 'restapiexample.com']);
_gaq.push(['e._setCustomVar',1,'template','pub_site_noads',3]);
_gaq.push(['e._setCustomVar',2,'t','147',3]);
_gaq.push(['e._setCustomVar',3,'rid','0',2]);
_gaq.push(['e._setCustomVar',4,'bra','mod32',3]);
_gaq.push(['e._setAllowAnchor',true]);
_gaq.push(['e._setSiteSpeedSampleRate', 10]);
_gaq.push(['f._setCustomVar',1,'template','pub_site_noads',3]);
_gaq.push(['f._setCustomVar',2,'domain','restapiexample.com',3]);
_gaq.push(['f._setSiteSpeedSampleRate', 20]);
_gaq.push(['e._trackPageview']);
_gaq.push(['f._trackPageview']);


(function() {
 var ga = document.createElement('script'); ga.type = 'text/javascript'; ga.async = true;
 ga.src = ('https:' == document.location.protocol ? 'https://ssl' : 'http://www') + '.google-analytics.com/ga.js';
 var s = document.getElementsByTagName('script')[0]; s.parentNode.insertBefore(ga, s);
})();
var ezouid = "1";null
var ezoTemplate = 'pub_site_noads';
if(typeof ezouid == 'undefined')
{
    var ezouid = 'none';
}
var ezoFormfactor = '1';
var ezo_elements_to_check = Array();

var soc_app_id = '0';
var did = 133674;
var ezdomain = 'restapiexample.com';
var ezoicSearchable = 1;

__ez.queue.addFile('__ezf_ezosuigeneris', '//g.ezoic.net/ezosuigeneris.js', true, [], true, false, false, false);
var __ez_ezosuigenerisEvt = function() { if(typeof(ezosuigeneris) != 'undefined'){__ez.bit.AddAndFire(_ezaq['page_view_id'], [(new __ezDotData('universal_user_id', ezosuigeneris))]); }};
__ez.queue.addFunc('__ez_ezosuigenerisEvt', '__ez_ezosuigenerisEvt', null, false, ['__ezf_%!s(MISSING)'], false, false, false, false);__ez.queue.addFile('__ezf_ezosuigenerisc', '//g.ezoic.net/ezosuigenerisc.js?nogen=1', true, [], true, false, false, false);
function create_ezolpl() {
    var d = new Date();
    d.setTime(d.getTime() + (365*24*60*60*1000));
    var expires = "expires="+d.toUTCString();
    __ez.ck.setByCat("ezux_lpl_133674=" + new Date().getTime() + "|29c2598f-6f2e-48d6-6eec-b02a92bfb868; " + expires, 3);
}
function attach_ezolpl() {
    if(window.attachEvent) {
        window.attachEvent('onload', create_ezolpl);
    } else {
        if(window.onload) {
            var curronload = window.onload;
            var newonload = function(evt) {
                curronload(evt);
                create_ezolpl();
            };
            window.onload = newonload;
        } else {
            window.onload = create_ezolpl;
        }
    }
}
attach_ezolpl();
Page Not Found
            The page you are looking for could not be found. Check the address bar
            to ensure your URL is spelled correctly. If all else fails, you can
            visit our home page at the link below.
        Visit the Home Page
var __ez_dims = (function() {
var setCookie = function( name, content, expiry ) {
return document.cookie = name+'='+content+((expiry)?';expires='+(new Date(Math.floor(new Date().getTime()+expiry*1000)).toUTCString()):'')+';path=/';
};
var ffid = 1;
var oh = window.screen.height;
var ow = window.screen.width;
var h = ffid === 1 ? oh : (oh > ow) ? oh : ow;
var w = ffid === 1 ? ow : (oh > ow) ? ow : oh;
var uh = window.innerHeight || document.documentElement.clientHeight || document.getElementsByTagName('body')[0].clientHeight;
var uw = window.innerWidth || document.documentElement.clientWidth || document.getElementsByTagName('body')[0].clientWidth;
setCookie('ezds', encodeURIComponent('ffid='+ffid+',w='+w+',h='+h), (31536e3*7));
setCookie('ezohw', encodeURIComponent('w='+uw+',h='+uh), (31536e3*7));
})();

__ez.queue.addFile('edmonton.php', '/detroitchicago/edmonton.webp?a=a&cb=188-3&shcb=32', true, [], true, false, false, false);
__ez.queue.addFile('jellyfish.php', '/porpoiseant/jellyfish.webp?a=a&cb=188-3&shcb=32', false, [], true, false, false, false);
(function(){function e(b,d){for(var c=0;c<d.length;c++){var f=d[c];if(0==f.complete||"undefined"!=typeof f.readyState&&4>f.readyState){var g=f.getAttribute("src")||f.currentSrc;"undefined"!=typeof f.readyState&&0==f.readyState?f.addEventListener("loadstart",function(h){var k=h.getAttribute("src")||h.currentSrc;window.ezorqs(h,k)}):(g=f.getAttribute("src")||f.currentSrc,window.ezorqs(f,g));f.addEventListener("load",function(h){var k=h.currentTarget.getAttribute("src")||h.srcElement.currentSrc;window.ezorqe(h,
k)});f.addEventListener("loadeddata",function(h){var k=h.currentTarget.getAttribute("src")||h.srcElement.currentSrc;window.ezorqe(h,k)});f.addEventListener("error",function(h){var k=h.currentTarget.getAttribute("src")||h.srcElement.currentSrc;window.ezorqe(h,k)})}}}function a(b){for(var d=0;d<document.styleSheets.length;d++)if(document.styleSheets[d].href==b)return!0;return!1}e("img",document.querySelectorAll("img"));e("video",document.querySelectorAll("video"));e("audio",document.querySelectorAll("audio"));
(function(b){for(var d=0;d<b.length;d++){var c=b[d];if(("preload"==c.getAttribute("rel")||"stylesheet"==c.getAttribute("rel"))&&null!=c.getAttribute("href")&&a(c.getAttribute("href"))){window.ezorqs(c,c.getAttribute("href"));var f=document.createElement("img");f.onerror=function(g){window.ezorqe(c,g.path[0].currentSrc)};f.src=c.getAttribute("href")}}})(document.querySelectorAll("link"));Element.prototype.addEventListener&&("function"==typeof window.onload&&(window.addEventListener("load",window.onload),
window.onload=null),"function"==typeof document.onload&&(document.addEventListener.addEventListener("load",document.onload),document.onload=null))})();

at java.base/jdk.internal.reflect.NativeConstructorAccessorImpl.newInstance0(Native Method)
at java.base/jdk.internal.reflect.NativeConstructorAccessorImpl.newInstance(NativeConstructorAccessorImpl.java:62)
at java.base/jdk.internal.reflect.DelegatingConstructorAccessorImpl.newInstance(DelegatingConstructorAccessorImpl.java:45)
at java.base/java.lang.reflect.Constructor.newInstanceWithCaller(Constructor.java:500)
at java.base/java.lang.reflect.Constructor.newInstance(Constructor.java:481)
at org.codehaus.groovy.reflection.CachedConstructor.invoke(CachedConstructor.java:80)
at org.codehaus.groovy.reflection.CachedConstructor.doConstructorInvoke(CachedConstructor.java:74)
at org.codehaus.groovy.runtime.callsite.ConstructorSite$ConstructorSiteNoUnwrap.callConstructor(ConstructorSite.java:84)
at org.codehaus.groovy.runtime.callsite.CallSiteArray.defaultCallConstructor(CallSiteArray.java:59)
at org.codehaus.groovy.runtime.callsite.AbstractCallSite.callConstructor(AbstractCallSite.java:237)
at org.codehaus.groovy.runtime.callsite.AbstractCallSite.callConstructor(AbstractCallSite.java:249)
at com.jayway.restassured.internal.ResponseSpecificationImpl$HamcrestAssertionClosure.validate(ResponseSpecificationImpl.groovy:598)
at com.jayway.restassured.internal.ResponseSpecificationImpl$HamcrestAssertionClosure$validate$1.call(Unknown Source)
at org.codehaus.groovy.runtime.callsite.CallSiteArray.defaultCall(CallSiteArray.java:47)
at org.codehaus.groovy.runtime.callsite.AbstractCallSite.call(AbstractCallSite.java:115)
at org.codehaus.groovy.runtime.callsite.AbstractCallSite.call(AbstractCallSite.java:127)
at com.jayway.restassured.internal.ResponseSpecificationImpl.validateResponseIfRequired(ResponseSpecificationImpl.groovy:760)
at java.base/jdk.internal.reflect.NativeMethodAccessorImpl.invoke0(Native Method)
at java.base/jdk.internal.reflect.NativeMethodAccessorImpl.invoke(NativeMethodAccessorImpl.java:62)
at java.base/jdk.internal.reflect.DelegatingMethodAccessorImpl.invoke(DelegatingMethodAccessorImpl.java:43)
at java.base/java.lang.reflect.Method.invoke(Method.java:567)
at org.codehaus.groovy.runtime.callsite.PlainObjectMetaMethodSite.doInvoke(PlainObjectMetaMethodSite.java:43)
at org.codehaus.groovy.runtime.callsite.PogoMetaMethodSite$PogoCachedMethodSiteNoUnwrapNoCoerce.invoke(PogoMetaMethodSite.java:190)
at org.codehaus.groovy.runtime.callsite.PogoMetaMethodSite.callCurrent(PogoMetaMethodSite.java:58)
at org.codehaus.groovy.runtime.callsite.CallSiteArray.defaultCallCurrent(CallSiteArray.java:51)
at org.codehaus.groovy.runtime.callsite.AbstractCallSite.callCurrent(AbstractCallSite.java:156)
at org.codehaus.groovy.runtime.callsite.AbstractCallSite.callCurrent(AbstractCallSite.java:168)
at com.jayway.restassured.internal.ResponseSpecificationImpl.content(ResponseSpecificationImpl.groovy:251)
at com.jayway.restassured.specification.ResponseSpecification$content$0.callCurrent(Unknown Source)
at org.codehaus.groovy.runtime.callsite.CallSiteArray.defaultCallCurrent(CallSiteArray.java:51)
at org.codehaus.groovy.runtime.callsite.AbstractCallSite.callCurrent(AbstractCallSite.java:156)
at org.codehaus.groovy.runtime.callsite.AbstractCallSite.callCurrent(AbstractCallSite.java:192)
at com.jayway.restassured.internal.ResponseSpecificationImpl.body(ResponseSpecificationImpl.groovy:234)
at com.jayway.restassured.internal.ValidatableResponseOptionsImpl.body(ValidatableResponseOptionsImpl.java:264)
at com.altimetrik.inventoryManagement.mainTestCases.InsertBattery.postInsertBattery(InsertBattery.java:43)
at java.base/jdk.internal.reflect.NativeMethodAccessorImpl.invoke0(Native Method)
at java.base/jdk.internal.reflect.NativeMethodAccessorImpl.invoke(NativeMethodAccessorImpl.java:62)
at java.base/jdk.internal.reflect.DelegatingMethodAccessorImpl.invoke(DelegatingMethodAccessorImpl.java:43)
at java.base/java.lang.reflect.Method.invoke(Method.java:567)
at org.testng.internal.MethodInvocationHelper.invokeMethod(MethodInvocationHelper.java:133)
at org.testng.internal.TestInvoker.invokeMethod(TestInvoker.java:584)
at org.testng.internal.TestInvoker.invokeTestMethod(TestInvoker.java:172)
at org.testng.internal.MethodRunner.runInSequence(MethodRunner.java:46)
at org.testng.internal.TestInvoker$MethodInvocationAgent.invoke(TestInvoker.java:804)
at org.testng.internal.TestInvoker.invokeTestMethods(TestInvoker.java:145)
at org.testng.internal.TestMethodWorker.invokeTestMethods(TestMethodWorker.java:146)
at org.testng.internal.TestMethodWorker.run(TestMethodWorker.java:128)
at java.base/java.util.ArrayList.forEach(ArrayList.java:1507)
at org.testng.TestRunner.privateRun(TestRunner.java:770)
at org.testng.TestRunner.run(TestRunner.java:591)
at org.testng.SuiteRunner.runTest(SuiteRunner.java:402)
at org.testng.SuiteRunner.runSequentially(SuiteRunner.java:396)
at org.testng.SuiteRunner.privateRun(SuiteRunner.java:355)
at org.testng.SuiteRunner.run(SuiteRunner.java:304)
at org.testng.SuiteRunnerWorker.runSuite(SuiteRunnerWorker.java:53)
at org.testng.SuiteRunnerWorker.run(SuiteRunnerWorker.java:96)
at org.testng.TestNG.runSuitesSequentially(TestNG.java:1180)
at org.testng.TestNG.runSuitesLocally(TestNG.java:1102)
at org.testng.TestNG.runSuites(TestNG.java:1032)
at org.testng.TestNG.run(TestNG.java:1000)
at org.testng.remote.AbstractRemoteTestNG.run(AbstractRemoteTestNG.java:115)
at org.testng.remote.RemoteTestNG.initAndRun(RemoteTestNG.java:251)
at org.testng.remote.RemoteTestNG.main(RemoteTestNG.java:77)
]]>
    </failure>
  </testcase> <!-- postInsertBattery -->
</testsuite> <!-- Default test -->
