<?xml version="1.0" encoding="UTF-8"?>
<!-- Generated by org.testng.reporters.JUnitXMLReporter -->
<testsuite ignored="0" hostname="AIPL-PUN-LT166" failures="1" tests="3" name="BatteryBankAPI" time="5.61" errors="0" timestamp="2019-12-10T12:11:34 IST">
  <testcase classname="com.altimetrik.inventoryManagement.mainTestCases.CreateEmployee" name="postEmployee" time="3.37">
    <failure type="java.lang.AssertionError" message="1 expectation failed.
XML path name doesn&amp;apos;t match.
Expected: Sarthak
  Actual: {&amp;quot;name&amp;quot;:&amp;quot;Sarthak&amp;quot;,&amp;quot;salary&amp;quot;:&amp;quot;123&amp;quot;,&amp;quot;age&amp;quot;:&amp;quot;23&amp;quot;,&amp;quot;id&amp;quot;:&amp;quot;142612&amp;quot;}
">
      <![CDATA[java.lang.AssertionError: 1 expectation failed.
XML path name doesn't match.
Expected: Sarthak
  Actual: {"name":"Sarthak","salary":"123","age":"23","id":"142612"}

at org.codehaus.groovy.runtime.callsite.ConstructorSite$ConstructorSiteNoUnwrap.callConstructor(ConstructorSite.java:84)
at org.codehaus.groovy.runtime.callsite.CallSiteArray.defaultCallConstructor(CallSiteArray.java:59)
at org.codehaus.groovy.runtime.callsite.AbstractCallSite.callConstructor(AbstractCallSite.java:237)
at org.codehaus.groovy.runtime.callsite.AbstractCallSite.callConstructor(AbstractCallSite.java:249)
at com.jayway.restassured.internal.ResponseSpecificationImpl$HamcrestAssertionClosure.validate(ResponseSpecificationImpl.groovy:598)
at com.jayway.restassured.internal.ResponseSpecificationImpl$HamcrestAssertionClosure$validate$1.call(Unknown Source)
at org.codehaus.groovy.runtime.callsite.CallSiteArray.defaultCall(CallSiteArray.java:47)
at org.codehaus.groovy.runtime.callsite.AbstractCallSite.call(AbstractCallSite.java:115)
at org.codehaus.groovy.runtime.callsite.AbstractCallSite.call(AbstractCallSite.java:127)
at com.jayway.restassured.internal.ResponseSpecificationImpl.validateResponseIfRequired(ResponseSpecificationImpl.groovy:760)
at org.codehaus.groovy.runtime.callsite.PlainObjectMetaMethodSite.doInvoke(PlainObjectMetaMethodSite.java:43)
at org.codehaus.groovy.runtime.callsite.PogoMetaMethodSite$PogoCachedMethodSiteNoUnwrapNoCoerce.invoke(PogoMetaMethodSite.java:190)
at org.codehaus.groovy.runtime.callsite.PogoMetaMethodSite.callCurrent(PogoMetaMethodSite.java:58)
at org.codehaus.groovy.runtime.callsite.CallSiteArray.defaultCallCurrent(CallSiteArray.java:51)
at org.codehaus.groovy.runtime.callsite.AbstractCallSite.callCurrent(AbstractCallSite.java:156)
at org.codehaus.groovy.runtime.callsite.AbstractCallSite.callCurrent(AbstractCallSite.java:168)
at com.jayway.restassured.internal.ResponseSpecificationImpl.content(ResponseSpecificationImpl.groovy:251)
at com.jayway.restassured.specification.ResponseSpecification$content$0.callCurrent(Unknown Source)
at org.codehaus.groovy.runtime.callsite.CallSiteArray.defaultCallCurrent(CallSiteArray.java:51)
at org.codehaus.groovy.runtime.callsite.AbstractCallSite.callCurrent(AbstractCallSite.java:156)
at org.codehaus.groovy.runtime.callsite.AbstractCallSite.callCurrent(AbstractCallSite.java:192)
at com.jayway.restassured.internal.ResponseSpecificationImpl.body(ResponseSpecificationImpl.groovy:234)
at com.jayway.restassured.internal.ValidatableResponseOptionsImpl.body(ValidatableResponseOptionsImpl.java:264)
at com.altimetrik.inventoryManagement.mainTestCases.CreateEmployee.postEmployee(CreateEmployee.java:29)
at java.base/java.util.ArrayList.forEach(ArrayList.java:1507)
... Removed 38 stack frames]]>
    </failure>
  </testcase> <!-- postEmployee -->
  <testcase classname="com.altimetrik.inventoryManagement.mainTestCases.CreateEmployee" name="postEmployeeWithDupRecord" time="0.934"/>
  <testcase classname="com.altimetrik.inventoryManagement.mainTestCases.CreateEmployee" name="DeleteEmployee" time="0.908"/>
</testsuite> <!-- BatteryBankAPI -->
