<?xml version="1.0" encoding="UTF-8"?>
<testng-results ignored="0" total="1" passed="1" failed="0" skipped="0">
  <reporter-output>
  </reporter-output>
  <suite started-at="2019-11-25T12:22:59Z" name="BatteryBankAPI" finished-at="2019-11-25T12:23:01Z" duration-ms="2575">
    <groups>
    </groups>
    <test started-at="2019-11-25T12:22:59Z" name="BatteryBankAPI" finished-at="2019-11-25T12:23:01Z" duration-ms="2575">
      <class name="com.altimetrik.inventoryManagement.mainTestCases.GetBatteryDetails">
        <test-method is-config="true" signature="setupBaseUrl()[pri:0, instance:com.altimetrik.inventoryManagement.mainTestCases.GetBatteryDetails@2667f029]" started-at="2019-11-25T12:22:58Z" name="setupBaseUrl" finished-at="2019-11-25T12:22:59Z" duration-ms="378" status="PASS">
          <reporter-output>
          </reporter-output>
        </test-method> <!-- setupBaseUrl -->
        <test-method is-config="true" signature="startReport()[pri:0, instance:com.altimetrik.inventoryManagement.mainTestCases.GetBatteryDetails@2667f029]" started-at="2019-11-25T12:22:59Z" name="startReport" finished-at="2019-11-25T12:22:59Z" duration-ms="90" status="PASS">
          <reporter-output>
          </reporter-output>
        </test-method> <!-- startReport -->
        <test-method is-config="true" signature="testLogger(java.lang.reflect.Method)[pri:0, instance:com.altimetrik.inventoryManagement.mainTestCases.GetBatteryDetails@2667f029]" started-at="2019-11-25T12:22:59Z" name="testLogger" finished-at="2019-11-25T12:22:59Z" duration-ms="3" status="PASS">
          <params>
            <param index="0">
              <value>
                <![CDATA[public void com.altimetrik.inventoryManagement.mainTestCases.GetBatteryDetails.getBatteryDetails()]]>
              </value>
            </param>
          </params>
          <reporter-output>
          </reporter-output>
        </test-method> <!-- testLogger -->
        <test-method signature="getBatteryDetails()[pri:0, instance:com.altimetrik.inventoryManagement.mainTestCases.GetBatteryDetails@2667f029]" started-at="2019-11-25T12:22:59Z" name="getBatteryDetails" finished-at="2019-11-25T12:23:01Z" duration-ms="2221" status="PASS">
          <reporter-output>
          </reporter-output>
        </test-method> <!-- getBatteryDetails -->
        <test-method is-config="true" signature="getResult(org.testng.ITestResult)[pri:0, instance:com.altimetrik.inventoryManagement.mainTestCases.GetBatteryDetails@2667f029]" started-at="2019-11-25T12:23:01Z" name="getResult" finished-at="2019-11-25T12:23:01Z" duration-ms="2" status="PASS">
          <params>
            <param index="0">
              <value>
                <![CDATA[[TestResult name=getBatteryDetails status=SUCCESS method=GetBatteryDetails.getBatteryDetails()[pri:0, instance:com.altimetrik.inventoryManagement.mainTestCases.GetBatteryDetails@2667f029] output={null}]]]>
              </value>
            </param>
          </params>
          <reporter-output>
          </reporter-output>
        </test-method> <!-- getResult -->
        <test-method is-config="true" signature="endReport()[pri:0, instance:com.altimetrik.inventoryManagement.mainTestCases.GetBatteryDetails@2667f029]" started-at="2019-11-25T12:23:01Z" name="endReport" finished-at="2019-11-25T12:23:01Z" duration-ms="244" status="PASS">
          <reporter-output>
          </reporter-output>
        </test-method> <!-- endReport -->
        <test-method is-config="true" signature="afterClass()[pri:0, instance:com.altimetrik.inventoryManagement.mainTestCases.GetBatteryDetails@2667f029]" started-at="2019-11-25T12:23:01Z" name="afterClass" finished-at="2019-11-25T12:23:01Z" duration-ms="0" status="PASS">
          <reporter-output>
          </reporter-output>
        </test-method> <!-- afterClass -->
      </class> <!-- com.altimetrik.inventoryManagement.mainTestCases.GetBatteryDetails -->
    </test> <!-- BatteryBankAPI -->
  </suite> <!-- BatteryBankAPI -->
</testng-results>
